TN:
SF:/Users/matias/Projects/consensys/eth-marketplace/contracts/acl/ACLRequiring.sol
FN:30,
FN:38,onlyProductOwner
FN:47,onlyAuthorized
FN:57,acl
FN:69,setACL
FN:83,updateACL
FNF:6
FNH:6
FNDA:196,
FNDA:143,onlyProductOwner
FNDA:23,onlyAuthorized
FNDA:174,acl
FNDA:199,setACL
FNDA:5,updateACL
DA:31,196
DA:32,196
DA:39,143
DA:40,143
DA:41,128
DA:48,23
DA:49,23
DA:50,22
DA:58,174
DA:59,174
DA:70,199
DA:71,198
DA:73,197
DA:74,197
DA:84,5
DA:85,4
DA:86,4
DA:87,3
DA:88,1
LF:19
LH:19
BRDA:40,1,0,128
BRDA:40,1,1,15
BRDA:49,2,0,22
BRDA:49,2,1,1
BRDA:70,3,0,198
BRDA:70,3,1,1
BRDA:71,4,0,197
BRDA:71,4,1,1
BRDA:84,5,0,4
BRDA:84,5,1,1
BRDA:86,6,0,3
BRDA:86,6,1,1
BRF:12
BRH:12
end_of_record
TN:
SF:/Users/matias/Projects/consensys/eth-marketplace/contracts/acl/ACLV1.sol
FN:32,
FN:40,onlyProductOwner
FN:48,onlyAuthorized
FN:57,isProductOwner
FN:65,isAuthorized
FN:73,updateProductOwner
FN:83,addAuthorization
FN:92,removeAuthorization
FN:101,isACL
FNF:9
FNH:9
FNDA:112,
FNDA:2,onlyProductOwner
FNDA:14,onlyAuthorized
FNDA:146,isProductOwner
FNDA:42,isAuthorized
FNDA:1,updateProductOwner
FNDA:10,addAuthorization
FNDA:2,removeAuthorization
FNDA:196,isACL
DA:33,112
DA:34,112
DA:41,2
DA:42,1
DA:49,14
DA:50,12
DA:58,146
DA:66,42
DA:74,1
DA:75,1
DA:76,1
DA:84,10
DA:85,10
DA:93,2
DA:94,2
DA:102,196
LF:16
LH:16
BRDA:41,1,0,1
BRDA:41,1,1,1
BRDA:49,2,0,12
BRDA:49,2,1,2
BRF:4
BRH:4
end_of_record
TN:
SF:/Users/matias/Projects/consensys/eth-marketplace/contracts/acl/IACL.sol
FNF:0
FNH:0
LF:0
LH:0
BRF:0
BRH:0
end_of_record
TN:
SF:/Users/matias/Projects/consensys/eth-marketplace/contracts/lifecycle/Pausable.sol
FN:36,
FN:41,whenNotPaused
FN:49,whenPaused
FN:58,isPaused
FN:69,setIsPaused
FN:79,pause
FN:87,unpause
FNF:7
FNH:7
FNDA:125,
FNDA:314,whenNotPaused
FNDA:4,whenPaused
FNDA:327,isPaused
FNDA:5,setIsPaused
FNDA:4,pause
FNDA:1,unpause
DA:42,314
DA:43,307
DA:50,4
DA:51,2
DA:59,327
DA:60,327
DA:70,5
DA:71,5
DA:80,4
DA:81,4
DA:88,1
DA:89,1
LF:12
LH:12
BRDA:42,1,0,307
BRDA:42,1,1,7
BRDA:50,2,0,2
BRDA:50,2,1,2
BRF:4
BRH:4
end_of_record
TN:
SF:/Users/matias/Projects/consensys/eth-marketplace/contracts/marketplace/IMarketplace.sol
FNF:0
FNH:0
LF:0
LH:0
BRF:0
BRH:0
end_of_record
TN:
SF:/Users/matias/Projects/consensys/eth-marketplace/contracts/marketplace/MarketplaceProxy.sol
FN:16,
FN:23,upgradeTo
FNF:2
FNH:2
FNDA:24,
FNDA:25,upgradeTo
DA:24,25
DA:25,24
LF:2
LH:2
BRDA:24,1,0,24
BRDA:24,1,1,1
BRF:2
BRH:2
end_of_record
TN:
SF:/Users/matias/Projects/consensys/eth-marketplace/contracts/marketplace/MarketplaceV1.sol
FN:29,
FN:36,isValidStore
FN:44,addStore
FN:56,storeCountFor
FN:66,storeAddressForOwnerWithIndex
FN:74,isMarketplace
FN:82,version
FNF:7
FNH:7
FNDA:35,
FNDA:26,isValidStore
FNDA:20,addStore
FNDA:6,storeCountFor
FNDA:4,storeAddressForOwnerWithIndex
FNDA:25,isMarketplace
FNDA:1,version
DA:37,26
DA:45,20
DA:46,16
DA:47,16
DA:48,16
DA:57,6
DA:67,4
DA:75,25
DA:83,1
LF:9
LH:9
BRDA:45,1,0,16
BRDA:45,1,1,4
BRF:2
BRH:2
end_of_record
TN:
SF:/Users/matias/Projects/consensys/eth-marketplace/contracts/models/product/ProductV1.sol
FN:32,isValid
FN:46,idKey
FN:50,createdAtKey
FN:54,updatedAtKey
FN:58,createdByKey
FN:62,updatedByKey
FN:66,nameKey
FN:70,descriptionKey
FN:74,imageURIKey
FN:78,priceKey
FN:82,inventoryKey
FN:91,abiEncode
FN:99,version
FNF:13
FNH:13
FNDA:18,isValid
FNDA:9,idKey
FNDA:13,createdAtKey
FNDA:13,updatedAtKey
FNDA:13,createdByKey
FNDA:13,updatedByKey
FNDA:13,nameKey
FNDA:13,descriptionKey
FNDA:13,imageURIKey
FNDA:13,priceKey
FNDA:13,inventoryKey
FNDA:9,abiEncode
FNDA:1,version
DA:33,18
DA:34,17
DA:35,16
DA:36,15
DA:37,14
DA:38,13
DA:39,10
DA:40,9
DA:47,9
DA:51,13
DA:55,13
DA:59,13
DA:63,13
DA:67,13
DA:71,13
DA:75,13
DA:79,13
DA:83,13
DA:92,9
DA:100,1
LF:20
LH:20
BRDA:33,1,0,1
BRDA:33,1,1,17
BRDA:34,2,0,1
BRDA:34,2,1,16
BRDA:35,3,0,1
BRDA:35,3,1,15
BRDA:36,4,0,1
BRDA:36,4,1,14
BRDA:37,5,0,1
BRDA:37,5,1,13
BRDA:38,6,0,3
BRDA:38,6,1,10
BRDA:39,7,0,1
BRDA:39,7,1,9
BRF:14
BRH:14
end_of_record
TN:
SF:/Users/matias/Projects/consensys/eth-marketplace/contracts/ownership/IOwnable.sol
FNF:0
FNH:0
LF:0
LH:0
BRF:0
BRH:0
end_of_record
TN:
SF:/Users/matias/Projects/consensys/eth-marketplace/contracts/ownership/IOwnableDelegate.sol
FNF:0
FNH:0
LF:0
LH:0
BRF:0
BRH:0
end_of_record
TN:
SF:/Users/matias/Projects/consensys/eth-marketplace/contracts/ownership/OwnableManager.sol
FN:44,
FN:51,onlyOwner
FN:60,owner
FN:71,_setOwner
FN:82,ownableDelegate
FN:93,_setOwnableDelegate
FN:106,renounceOwnership
FN:117,transferOwnership
FN:125,_transferOwnership
FN:137,setOwnableDelegate
FN:149,updateOwnableDelegate
FN:159,isOwnable
FNF:12
FNH:12
FNDA:34,
FNDA:14,onlyOwner
FNDA:29,owner
FNDA:40,_setOwner
FNDA:12,ownableDelegate
FNDA:8,_setOwnableDelegate
FNDA:3,renounceOwnership
FNDA:4,transferOwnership
FNDA:4,_transferOwnership
FNDA:6,setOwnableDelegate
FNDA:6,updateOwnableDelegate
FNDA:1,isOwnable
DA:45,34
DA:52,14
DA:53,13
DA:61,29
DA:62,29
DA:72,40
DA:73,40
DA:83,12
DA:84,12
DA:94,8
DA:95,8
DA:107,3
DA:108,3
DA:109,3
DA:110,3
DA:118,4
DA:126,4
DA:127,3
DA:128,3
DA:129,3
DA:138,6
DA:139,5
DA:141,5
DA:150,6
DA:151,2
DA:160,1
LF:26
LH:26
BRDA:52,1,0,13
BRDA:52,1,1,1
BRDA:126,2,0,3
BRDA:126,2,1,1
BRDA:138,3,0,5
BRDA:138,3,1,1
BRDA:139,4,0,4
BRDA:139,4,1,1
BRDA:150,5,0,2
BRDA:150,5,1,4
BRF:10
BRH:10
end_of_record
TN:
SF:/Users/matias/Projects/consensys/eth-marketplace/contracts/proxy/ACLUpgradeableProxy.sol
FN:16,
FN:23,upgradeTo
FNF:2
FNH:2
FNDA:86,
FNDA:4,upgradeTo
DA:24,4
LF:1
LH:1
BRF:0
BRH:0
end_of_record
TN:
SF:/Users/matias/Projects/consensys/eth-marketplace/contracts/proxy/IProxy.sol
FNF:0
FNH:0
LF:0
LH:0
BRF:0
BRH:0
end_of_record
TN:
SF:/Users/matias/Projects/consensys/eth-marketplace/contracts/proxy/IUpgradeableProxy.sol
FNF:0
FNH:0
LF:0
LH:0
BRF:0
BRH:0
end_of_record
TN:
SF:/Users/matias/Projects/consensys/eth-marketplace/contracts/proxy/PausableProxy.sol
FN:16,
FN:28,
FN:49,isProxy
FNF:3
FNH:3
FNDA:89,
FNDA:100,
FNDA:2,isProxy
DA:29,100
DA:30,100
DA:32,98
DA:50,2
LF:4
LH:4
BRDA:30,1,0,98
BRDA:30,1,1,2
BRF:2
BRH:2
end_of_record
TN:
SF:/Users/matias/Projects/consensys/eth-marketplace/contracts/proxy/Proxy.sol
FN:24,
FN:45,isProxy
FNF:2
FNH:2
FNDA:3,
FNDA:1,isProxy
DA:25,3
DA:26,3
DA:28,2
DA:46,1
LF:4
LH:4
BRDA:26,1,0,2
BRDA:26,1,1,1
BRF:2
BRH:2
end_of_record
TN:
SF:/Users/matias/Projects/consensys/eth-marketplace/contracts/proxy/UpgradeablePausableProxy.sol
FN:32,
FN:38,implementation
FN:49,setImplementation
FN:62,_upgradeTo
FN:73,upgradeTo
FN:81,isUpgradeable
FNF:6
FNH:6
FNDA:88,
FNDA:203,implementation
FNDA:90,setImplementation
FNDA:92,_upgradeTo
FNDA:1,upgradeTo
FNDA:1,isUpgradeable
DA:39,203
DA:40,203
DA:50,90
DA:52,87
DA:53,87
DA:63,92
DA:64,92
DA:65,90
DA:66,87
DA:74,1
DA:82,1
LF:11
LH:11
BRDA:50,1,0,87
BRDA:50,1,1,3
BRDA:64,2,0,90
BRDA:64,2,1,2
BRF:4
BRH:4
end_of_record
TN:
SF:/Users/matias/Projects/consensys/eth-marketplace/contracts/storage/EternalStorage.sol
FN:30,isEternalStorage
FNF:1
FNH:1
FNDA:1,isEternalStorage
DA:31,1
LF:1
LH:1
BRF:0
BRH:0
end_of_record
TN:
SF:/Users/matias/Projects/consensys/eth-marketplace/contracts/storage/IEternalStorage.sol
FNF:0
FNH:0
LF:0
LH:0
BRF:0
BRH:0
end_of_record
TN:
SF:/Users/matias/Projects/consensys/eth-marketplace/contracts/store/IProductStore.sol
FNF:0
FNH:0
LF:0
LH:0
BRF:0
BRH:0
end_of_record
TN:
SF:/Users/matias/Projects/consensys/eth-marketplace/contracts/store/ProductStoreProxy.sol
FN:17,
FN:24,upgradeTo
FNF:2
FNH:2
FNDA:61,
FNDA:62,upgradeTo
DA:25,62
DA:26,61
LF:2
LH:2
BRDA:25,1,0,61
BRDA:25,1,1,1
BRF:2
BRH:2
end_of_record
TN:
SF:/Users/matias/Projects/consensys/eth-marketplace/contracts/store/ProductStoreV1.sol
FN:62,
FN:68,requiresValidId
FN:80,name
FN:89,logoURI
FN:97,productCount
FN:107,setName
FN:116,setLogoURI
FN:124,withdrawFunds
FN:142,addProduct
FN:182,storeProduct
FN:202,getCreatedAt
FN:210,getUpdatedAt
FN:218,getCreatedBy
FN:226,getUpdatedBy
FN:234,getName
FN:242,getDescription
FN:250,getImageURI
FN:258,getPrice
FN:266,getInventory
FN:274,isProductStore
FN:282,version
FNF:21
FNH:21
FNDA:70,
FNDA:42,requiresValidId
FNDA:4,name
FNDA:4,logoURI
FNDA:42,productCount
FNDA:4,setName
FNDA:4,setLogoURI
FNDA:6,withdrawFunds
FNDA:10,addProduct
FNDA:10,storeProduct
FNDA:4,getCreatedAt
FNDA:4,getUpdatedAt
FNDA:4,getCreatedBy
FNDA:4,getUpdatedBy
FNDA:4,getName
FNDA:4,getDescription
FNDA:4,getImageURI
FNDA:4,getPrice
FNDA:4,getInventory
FNDA:81,isProductStore
FNDA:10,version
DA:69,42
DA:70,38
DA:71,36
DA:81,4
DA:90,4
DA:98,42
DA:108,4
DA:109,4
DA:117,4
DA:118,4
DA:125,6
DA:126,6
DA:128,6
DA:129,4
DA:130,4
DA:151,10
DA:154,10
DA:156,10
DA:168,10
DA:169,8
DA:171,8
DA:183,10
DA:184,8
DA:185,8
DA:186,8
DA:187,8
DA:188,8
DA:189,8
DA:190,8
DA:191,8
DA:192,8
DA:193,8
DA:203,4
DA:211,4
DA:219,4
DA:227,4
DA:235,4
DA:243,4
DA:251,4
DA:259,4
DA:267,4
DA:275,81
DA:283,10
LF:43
LH:43
BRDA:69,1,0,38
BRDA:69,1,1,4
BRDA:70,2,0,36
BRDA:70,2,1,2
BRDA:128,3,0,4
BRDA:128,3,1,2
BRDA:183,4,0,8
BRDA:183,4,1,2
BRF:8
BRH:8
end_of_record
